2023-10-02 21:14:00,856 INFO  [restartedMain] com.messageservice.message.MessageApplication:Starting MessageApplication using Java 20.0.1 with PID 12536 (C:\Users\yesil.MMSA\IdeaProjects\message\target\classes started by yesil in C:\Users\yesil.MMSA\IdeaProjects\message)
2023-10-02 21:14:00,866 INFO  [restartedMain] com.messageservice.message.MessageApplication:No active profile set, falling back to 1 default profile: "default"
2023-10-02 21:14:00,944 INFO  [restartedMain] org.springframework.boot.devtools.env.DevToolsPropertyDefaultsPostProcessor:Devtools property defaults active! Set 'spring.devtools.add-properties' to 'false' to disable
2023-10-02 21:14:00,944 INFO  [restartedMain] org.springframework.boot.devtools.env.DevToolsPropertyDefaultsPostProcessor:For additional web related logging consider setting the 'logging.level.web' property to 'DEBUG'
2023-10-02 21:14:01,925 INFO  [restartedMain] org.springframework.data.repository.config.RepositoryConfigurationDelegate:Bootstrapping Spring Data JPA repositories in DEFAULT mode.
2023-10-02 21:14:02,012 INFO  [restartedMain] org.springframework.data.repository.config.RepositoryConfigurationDelegate:Finished Spring Data repository scanning in 77 ms. Found 1 JPA repository interfaces.
2023-10-02 21:14:02,408 INFO  [restartedMain] org.springframework.context.support.PostProcessorRegistrationDelegate$BeanPostProcessorChecker:Bean 'org.springframework.ws.config.annotation.DelegatingWsConfiguration' of type [org.springframework.ws.config.annotation.DelegatingWsConfiguration$$SpringCGLIB$$0] is not eligible for getting processed by all BeanPostProcessors (for example: not eligible for auto-proxying)
2023-10-02 21:14:02,470 INFO  [restartedMain] org.springframework.ws.soap.addressing.server.AnnotationActionEndpointMapping:Supporting [WS-Addressing August 2004, WS-Addressing 1.0]
2023-10-02 21:14:02,849 INFO  [restartedMain] org.springframework.boot.web.embedded.tomcat.TomcatWebServer:Tomcat initialized with port(s): 8080 (http)
2023-10-02 21:14:02,858 INFO  [restartedMain] org.apache.catalina.core.StandardService:Starting service [Tomcat]
2023-10-02 21:14:02,859 INFO  [restartedMain] org.apache.catalina.core.StandardEngine:Starting Servlet engine: [Apache Tomcat/10.1.12]
2023-10-02 21:14:02,937 INFO  [restartedMain] org.apache.catalina.core.ContainerBase.[Tomcat].[localhost].[/message-service/api]:Initializing Spring embedded WebApplicationContext
2023-10-02 21:14:02,939 INFO  [restartedMain] org.springframework.boot.web.servlet.context.ServletWebServerApplicationContext:Root WebApplicationContext: initialization completed in 1993 ms
2023-10-02 21:14:03,123 INFO  [restartedMain] org.hibernate.jpa.internal.util.LogHelper:HHH000204: Processing PersistenceUnitInfo [name: default]
2023-10-02 21:14:03,199 INFO  [restartedMain] org.hibernate.Version:HHH000412: Hibernate ORM core version 6.2.7.Final
2023-10-02 21:14:03,202 INFO  [restartedMain] org.hibernate.cfg.Environment:HHH000406: Using bytecode reflection optimizer
2023-10-02 21:14:03,411 INFO  [restartedMain] org.hibernate.bytecode.internal.BytecodeProviderInitiator:HHH000021: Bytecode provider name : bytebuddy
2023-10-02 21:14:03,538 INFO  [restartedMain] org.springframework.orm.jpa.persistenceunit.SpringPersistenceUnitInfo:No LoadTimeWeaver setup: ignoring JPA class transformer
2023-10-02 21:14:03,556 INFO  [restartedMain] com.zaxxer.hikari.HikariDataSource:HikariPool-1 - Starting...
2023-10-02 21:14:03,897 INFO  [restartedMain] com.zaxxer.hikari.pool.HikariPool:HikariPool-1 - Added connection org.postgresql.jdbc.PgConnection@13dabd77
2023-10-02 21:14:03,899 INFO  [restartedMain] com.zaxxer.hikari.HikariDataSource:HikariPool-1 - Start completed.
2023-10-02 21:14:04,221 INFO  [restartedMain] org.hibernate.bytecode.internal.BytecodeProviderInitiator:HHH000021: Bytecode provider name : bytebuddy
2023-10-02 21:14:05,081 INFO  [restartedMain] org.hibernate.engine.transaction.jta.platform.internal.JtaPlatformInitiator:HHH000490: Using JtaPlatform implementation: [org.hibernate.engine.transaction.jta.platform.internal.NoJtaPlatform]
2023-10-02 21:14:05,209 INFO  [restartedMain] org.springframework.orm.jpa.LocalContainerEntityManagerFactoryBean:Initialized JPA EntityManagerFactory for persistence unit 'default'
2023-10-02 21:14:05,648 WARN  [restartedMain] org.springframework.boot.autoconfigure.orm.jpa.JpaBaseConfiguration$JpaWebConfiguration:spring.jpa.open-in-view is enabled by default. Therefore, database queries may be performed during view rendering. Explicitly configure spring.jpa.open-in-view to disable this warning
2023-10-02 21:14:06,518 INFO  [restartedMain] org.springframework.boot.devtools.autoconfigure.OptionalLiveReloadServer:LiveReload server is running on port 35729
2023-10-02 21:14:06,561 WARN  [restartedMain] org.springframework.boot.web.servlet.context.AnnotationConfigServletWebServerApplicationContext:Exception encountered during context initialization - cancelling refresh attempt: org.springframework.context.ApplicationContextException: Failed to start bean 'webServerStartStop'
2023-10-02 21:14:06,564 INFO  [restartedMain] org.springframework.orm.jpa.LocalContainerEntityManagerFactoryBean:Closing JPA EntityManagerFactory for persistence unit 'default'
2023-10-02 21:14:06,568 INFO  [restartedMain] com.zaxxer.hikari.HikariDataSource:HikariPool-1 - Shutdown initiated...
2023-10-02 21:14:06,575 INFO  [restartedMain] com.zaxxer.hikari.HikariDataSource:HikariPool-1 - Shutdown completed.
2023-10-02 21:14:06,589 INFO  [restartedMain] org.apache.catalina.core.StandardService:Stopping service [Tomcat]
2023-10-02 21:14:06,616 INFO  [restartedMain] org.springframework.boot.autoconfigure.logging.ConditionEvaluationReportLogger:

Error starting ApplicationContext. To display the condition evaluation report re-run your application with 'debug' enabled.
2023-10-02 21:14:06,648 ERROR [restartedMain] org.springframework.boot.diagnostics.LoggingFailureAnalysisReporter:

***************************
APPLICATION FAILED TO START
***************************

Description:

Web server failed to start. Port 8080 was already in use.

Action:

Identify and stop the process that's listening on port 8080 or configure this application to listen on another port.

2023-10-02 21:16:07,428 INFO  [restartedMain] com.messageservice.message.MessageApplication:Starting MessageApplication using Java 20.0.1 with PID 28904 (C:\Users\yesil.MMSA\IdeaProjects\message\target\classes started by yesil in C:\Users\yesil.MMSA\IdeaProjects\message)
2023-10-02 21:16:07,432 INFO  [restartedMain] com.messageservice.message.MessageApplication:No active profile set, falling back to 1 default profile: "default"
2023-10-02 21:16:07,529 INFO  [restartedMain] org.springframework.boot.devtools.env.DevToolsPropertyDefaultsPostProcessor:Devtools property defaults active! Set 'spring.devtools.add-properties' to 'false' to disable
2023-10-02 21:16:07,530 INFO  [restartedMain] org.springframework.boot.devtools.env.DevToolsPropertyDefaultsPostProcessor:For additional web related logging consider setting the 'logging.level.web' property to 'DEBUG'
2023-10-02 21:16:08,604 INFO  [restartedMain] org.springframework.data.repository.config.RepositoryConfigurationDelegate:Bootstrapping Spring Data JPA repositories in DEFAULT mode.
2023-10-02 21:16:08,684 INFO  [restartedMain] org.springframework.data.repository.config.RepositoryConfigurationDelegate:Finished Spring Data repository scanning in 71 ms. Found 1 JPA repository interfaces.
2023-10-02 21:16:09,151 INFO  [restartedMain] org.springframework.context.support.PostProcessorRegistrationDelegate$BeanPostProcessorChecker:Bean 'org.springframework.ws.config.annotation.DelegatingWsConfiguration' of type [org.springframework.ws.config.annotation.DelegatingWsConfiguration$$SpringCGLIB$$0] is not eligible for getting processed by all BeanPostProcessors (for example: not eligible for auto-proxying)
2023-10-02 21:16:09,216 INFO  [restartedMain] org.springframework.ws.soap.addressing.server.AnnotationActionEndpointMapping:Supporting [WS-Addressing August 2004, WS-Addressing 1.0]
2023-10-02 21:16:09,593 INFO  [restartedMain] org.springframework.boot.web.embedded.tomcat.TomcatWebServer:Tomcat initialized with port(s): 8080 (http)
2023-10-02 21:16:09,603 INFO  [restartedMain] org.apache.catalina.core.StandardService:Starting service [Tomcat]
2023-10-02 21:16:09,603 INFO  [restartedMain] org.apache.catalina.core.StandardEngine:Starting Servlet engine: [Apache Tomcat/10.1.12]
2023-10-02 21:16:09,670 INFO  [restartedMain] org.apache.catalina.core.ContainerBase.[Tomcat].[localhost].[/message-service/api]:Initializing Spring embedded WebApplicationContext
2023-10-02 21:16:09,670 INFO  [restartedMain] org.springframework.boot.web.servlet.context.ServletWebServerApplicationContext:Root WebApplicationContext: initialization completed in 2139 ms
2023-10-02 21:16:09,886 INFO  [restartedMain] org.hibernate.jpa.internal.util.LogHelper:HHH000204: Processing PersistenceUnitInfo [name: default]
2023-10-02 21:16:09,975 INFO  [restartedMain] org.hibernate.Version:HHH000412: Hibernate ORM core version 6.2.7.Final
2023-10-02 21:16:09,977 INFO  [restartedMain] org.hibernate.cfg.Environment:HHH000406: Using bytecode reflection optimizer
2023-10-02 21:16:10,206 INFO  [restartedMain] org.hibernate.bytecode.internal.BytecodeProviderInitiator:HHH000021: Bytecode provider name : bytebuddy
2023-10-02 21:16:10,331 INFO  [restartedMain] org.springframework.orm.jpa.persistenceunit.SpringPersistenceUnitInfo:No LoadTimeWeaver setup: ignoring JPA class transformer
2023-10-02 21:16:10,347 INFO  [restartedMain] com.zaxxer.hikari.HikariDataSource:HikariPool-1 - Starting...
2023-10-02 21:16:10,660 INFO  [restartedMain] com.zaxxer.hikari.pool.HikariPool:HikariPool-1 - Added connection org.postgresql.jdbc.PgConnection@133b0e2d
2023-10-02 21:16:10,662 INFO  [restartedMain] com.zaxxer.hikari.HikariDataSource:HikariPool-1 - Start completed.
2023-10-02 21:16:10,983 INFO  [restartedMain] org.hibernate.bytecode.internal.BytecodeProviderInitiator:HHH000021: Bytecode provider name : bytebuddy
2023-10-02 21:16:11,973 INFO  [restartedMain] org.hibernate.engine.transaction.jta.platform.internal.JtaPlatformInitiator:HHH000490: Using JtaPlatform implementation: [org.hibernate.engine.transaction.jta.platform.internal.NoJtaPlatform]
2023-10-02 21:16:12,078 INFO  [restartedMain] org.springframework.orm.jpa.LocalContainerEntityManagerFactoryBean:Initialized JPA EntityManagerFactory for persistence unit 'default'
2023-10-02 21:16:12,455 WARN  [restartedMain] org.springframework.boot.autoconfigure.orm.jpa.JpaBaseConfiguration$JpaWebConfiguration:spring.jpa.open-in-view is enabled by default. Therefore, database queries may be performed during view rendering. Explicitly configure spring.jpa.open-in-view to disable this warning
2023-10-02 21:16:13,256 INFO  [restartedMain] org.springframework.boot.devtools.autoconfigure.OptionalLiveReloadServer:LiveReload server is running on port 35729
2023-10-02 21:16:13,316 INFO  [restartedMain] org.springframework.boot.web.embedded.tomcat.TomcatWebServer:Tomcat started on port(s): 8080 (http) with context path '/message-service/api'
2023-10-02 21:16:13,329 INFO  [restartedMain] com.messageservice.message.MessageApplication:Started MessageApplication in 6.674 seconds (process running for 8.081)
2023-10-02 21:16:39,168 INFO  [http-nio-8080-exec-1] org.apache.catalina.core.ContainerBase.[Tomcat].[localhost].[/message-service/api]:Initializing Spring DispatcherServlet 'dispatcherServlet'
2023-10-02 21:16:39,169 INFO  [http-nio-8080-exec-1] org.springframework.web.servlet.DispatcherServlet:Initializing Servlet 'dispatcherServlet'
2023-10-02 21:16:39,172 INFO  [http-nio-8080-exec-1] org.springframework.web.servlet.DispatcherServlet:Completed initialization in 3 ms
2023-10-02 22:18:46,225 INFO  [SpringApplicationShutdownHook] org.springframework.orm.jpa.LocalContainerEntityManagerFactoryBean:Closing JPA EntityManagerFactory for persistence unit 'default'
2023-10-02 22:18:46,235 INFO  [SpringApplicationShutdownHook] com.zaxxer.hikari.HikariDataSource:HikariPool-1 - Shutdown initiated...
2023-10-02 22:18:46,240 INFO  [SpringApplicationShutdownHook] com.zaxxer.hikari.HikariDataSource:HikariPool-1 - Shutdown completed.
2023-10-02 22:18:55,202 INFO  [restartedMain] com.messageservice.message.MessageApplication:Starting MessageApplication using Java 20.0.1 with PID 21364 (C:\Users\yesil.MMSA\IdeaProjects\message\target\classes started by yesil in C:\Users\yesil.MMSA\IdeaProjects\message)
2023-10-02 22:18:55,205 INFO  [restartedMain] com.messageservice.message.MessageApplication:No active profile set, falling back to 1 default profile: "default"
2023-10-02 22:18:55,284 INFO  [restartedMain] org.springframework.boot.devtools.env.DevToolsPropertyDefaultsPostProcessor:Devtools property defaults active! Set 'spring.devtools.add-properties' to 'false' to disable
2023-10-02 22:18:55,284 INFO  [restartedMain] org.springframework.boot.devtools.env.DevToolsPropertyDefaultsPostProcessor:For additional web related logging consider setting the 'logging.level.web' property to 'DEBUG'
2023-10-02 22:18:56,340 INFO  [restartedMain] org.springframework.data.repository.config.RepositoryConfigurationDelegate:Bootstrapping Spring Data JPA repositories in DEFAULT mode.
2023-10-02 22:18:56,417 INFO  [restartedMain] org.springframework.data.repository.config.RepositoryConfigurationDelegate:Finished Spring Data repository scanning in 68 ms. Found 1 JPA repository interfaces.
2023-10-02 22:18:56,825 INFO  [restartedMain] org.springframework.context.support.PostProcessorRegistrationDelegate$BeanPostProcessorChecker:Bean 'org.springframework.ws.config.annotation.DelegatingWsConfiguration' of type [org.springframework.ws.config.annotation.DelegatingWsConfiguration$$SpringCGLIB$$0] is not eligible for getting processed by all BeanPostProcessors (for example: not eligible for auto-proxying)
2023-10-02 22:18:56,883 INFO  [restartedMain] org.springframework.ws.soap.addressing.server.AnnotationActionEndpointMapping:Supporting [WS-Addressing August 2004, WS-Addressing 1.0]
2023-10-02 22:18:57,222 INFO  [restartedMain] org.springframework.boot.web.embedded.tomcat.TomcatWebServer:Tomcat initialized with port(s): 8080 (http)
2023-10-02 22:18:57,231 INFO  [restartedMain] org.apache.catalina.core.StandardService:Starting service [Tomcat]
2023-10-02 22:18:57,232 INFO  [restartedMain] org.apache.catalina.core.StandardEngine:Starting Servlet engine: [Apache Tomcat/10.1.12]
2023-10-02 22:18:57,295 INFO  [restartedMain] org.apache.catalina.core.ContainerBase.[Tomcat].[localhost].[/message-service/api]:Initializing Spring embedded WebApplicationContext
2023-10-02 22:18:57,295 INFO  [restartedMain] org.springframework.boot.web.servlet.context.ServletWebServerApplicationContext:Root WebApplicationContext: initialization completed in 2010 ms
2023-10-02 22:18:57,500 INFO  [restartedMain] org.hibernate.jpa.internal.util.LogHelper:HHH000204: Processing PersistenceUnitInfo [name: default]
2023-10-02 22:18:57,623 INFO  [restartedMain] org.hibernate.Version:HHH000412: Hibernate ORM core version 6.2.7.Final
2023-10-02 22:18:57,629 INFO  [restartedMain] org.hibernate.cfg.Environment:HHH000406: Using bytecode reflection optimizer
2023-10-02 22:18:57,949 INFO  [restartedMain] org.hibernate.bytecode.internal.BytecodeProviderInitiator:HHH000021: Bytecode provider name : bytebuddy
2023-10-02 22:18:58,138 INFO  [restartedMain] org.springframework.orm.jpa.persistenceunit.SpringPersistenceUnitInfo:No LoadTimeWeaver setup: ignoring JPA class transformer
2023-10-02 22:18:58,160 INFO  [restartedMain] com.zaxxer.hikari.HikariDataSource:HikariPool-1 - Starting...
2023-10-02 22:18:58,438 INFO  [restartedMain] com.zaxxer.hikari.pool.HikariPool:HikariPool-1 - Added connection org.postgresql.jdbc.PgConnection@62ea3097
2023-10-02 22:18:58,442 INFO  [restartedMain] com.zaxxer.hikari.HikariDataSource:HikariPool-1 - Start completed.
2023-10-02 22:18:58,777 INFO  [restartedMain] org.hibernate.bytecode.internal.BytecodeProviderInitiator:HHH000021: Bytecode provider name : bytebuddy
2023-10-02 22:18:59,680 INFO  [restartedMain] org.hibernate.engine.transaction.jta.platform.internal.JtaPlatformInitiator:HHH000490: Using JtaPlatform implementation: [org.hibernate.engine.transaction.jta.platform.internal.NoJtaPlatform]
2023-10-02 22:18:59,777 INFO  [restartedMain] org.springframework.orm.jpa.LocalContainerEntityManagerFactoryBean:Initialized JPA EntityManagerFactory for persistence unit 'default'
2023-10-02 22:19:00,228 WARN  [restartedMain] org.springframework.boot.autoconfigure.orm.jpa.JpaBaseConfiguration$JpaWebConfiguration:spring.jpa.open-in-view is enabled by default. Therefore, database queries may be performed during view rendering. Explicitly configure spring.jpa.open-in-view to disable this warning
2023-10-02 22:19:00,924 INFO  [restartedMain] org.springframework.boot.devtools.autoconfigure.OptionalLiveReloadServer:LiveReload server is running on port 35729
2023-10-02 22:19:00,969 INFO  [restartedMain] org.springframework.boot.web.embedded.tomcat.TomcatWebServer:Tomcat started on port(s): 8080 (http) with context path '/message-service/api'
2023-10-02 22:19:00,986 INFO  [restartedMain] com.messageservice.message.MessageApplication:Started MessageApplication in 6.482 seconds (process running for 7.756)
2023-10-02 22:28:38,615 INFO  [http-nio-8080-exec-1] org.apache.catalina.core.ContainerBase.[Tomcat].[localhost].[/message-service/api]:Initializing Spring DispatcherServlet 'dispatcherServlet'
2023-10-02 22:28:38,615 INFO  [http-nio-8080-exec-1] org.springframework.web.servlet.DispatcherServlet:Initializing Servlet 'dispatcherServlet'
2023-10-02 22:28:38,617 INFO  [http-nio-8080-exec-1] org.springframework.web.servlet.DispatcherServlet:Completed initialization in 2 ms
